<?xml version="1.0" encoding="UTF-8"?>
<!-- Generated by org.testng.reporters.JUnitReportReporter -->
<testsuite hostname="Srinath-Acer" failures="0" tests="5" name="testScripts001.TC001_Registration" time="9.878" errors="0" timestamp="2024-02-17T15:57:08 IST" skipped="0">
  <testcase classname="testScripts001.TC001_Registration" name="registration" time="1.918">
    <system-out>
      <![CDATA[Execution of test case is started
Execution of test case is success]]>
    </system-out>
  </testcase> <!-- registration -->
  <testcase classname="testScripts001.TC001_Registration" name="registration" time="1.960">
    <system-out>
      <![CDATA[Execution of test case is started
Execution of test case is success]]>
    </system-out>
  </testcase> <!-- registration -->
  <testcase classname="testScripts001.TC001_Registration" name="registration" time="2.184">
    <system-out>
      <![CDATA[Execution of test case is started
Execution of test case is success]]>
    </system-out>
  </testcase> <!-- registration -->
  <testcase classname="testScripts001.TC001_Registration" name="registration" time="1.949">
    <system-out>
      <![CDATA[Execution of test case is started
Execution of test case is success]]>
    </system-out>
  </testcase> <!-- registration -->
  <testcase classname="testScripts001.TC001_Registration" name="registration" time="1.867">
    <system-out>
      <![CDATA[Execution of test case is started
Execution of test case is success]]>
    </system-out>
  </testcase> <!-- registration -->
  <system-out>
    <![CDATA[Chrome browser has been launched
Execution of test case is started
Application has been launched
Execution of test case is started
Execution of test case is success
Execution of test case is started
Execution of test case is success
Execution of test case is started
Execution of test case is success
Execution of test case is started
Execution of test case is success
Execution of test case is started
Execution of test case is success
Execution of test case is finished
Browser has been quitted]]>
  </system-out>
</testsuite> <!-- testScripts001.TC001_Registration -->
