<?xml version="1.0" encoding="UTF-8"?>
<!-- Generated by org.testng.reporters.JUnitReportReporter -->
<testsuite hostname="Srinath-Acer" failures="0" tests="1" name="introduction.Demo001" time="0.017" errors="0" timestamp="2024-02-17T11:40:52 IST" skipped="0">
  <testcase classname="introduction.Demo001" name="m1" time="0.017">
    <system-out>
      <![CDATA[Execution of test case is started
Maven is fun
Execution of test case is success]]>
    </system-out>
  </testcase> <!-- m1 -->
  <system-out>
    <![CDATA[Execution of test case is started
Execution of test case is started
Maven is fun
Execution of test case is success]]>
  </system-out>
</testsuite> <!-- introduction.Demo001 -->
