<?xml version="1.0" encoding="UTF-8"?>
<!-- Generated by org.testng.reporters.JUnitReportReporter -->
<testsuite hostname="Srinath-Acer" failures="0" tests="1" name="testScripts001.TC002_AddingToCart" time="4.920" errors="0" timestamp="2024-02-17T14:44:36 IST" skipped="0">
  <testcase classname="testScripts001.TC002_AddingToCart" name="addingProdToCart" time="4.920">
    <system-out>
      <![CDATA[Execution of test case is started
Execution of test case is success]]>
    </system-out>
  </testcase> <!-- addingProdToCart -->
  <system-out>
    <![CDATA[Chrome browser has been launched
Execution of test case is started
Application has been launched
Login page has been opened
Login process is sucessfull and Homepage has been displayed 
Execution of test case is started
Execution of test case is success
Sucessfully loggedOut
Execution of test case is finished
Browser has been quitted]]>
  </system-out>
</testsuite> <!-- testScripts001.TC002_AddingToCart -->
